Flutter crash report.
Please report a bug at https://github.com/flutter/flutter/issues.

## command

flutter run

## exception

PathAccessException: PathAccessException: Cannot delete file, path = '/Users/ouran/Downloads/456/build/118c6890d5f8536119c0da333dbaceba/gen_localizations.stamp' (OS Error: Permission denied, errno = 13)

```
#0      _File.throwIfError (dart:io/file_impl.dart:675:7)
#1      _File._deleteSync (dart:io/file_impl.dart:329:5)
#2      FileSystemEntity.deleteSync (dart:io/file_system_entity.dart:407:7)
#3      ForwardingFileSystemEntity.deleteSync (package:file/src/forwarding/forwarding_file_system_entity.dart:70:16)
#4      ForwardingFileSystemEntity.deleteSync (package:file/src/forwarding/forwarding_file_system_entity.dart:70:16)
#5      ErrorHandlingFileSystem.deleteIfExists (package:flutter_tools/src/base/error_handling_io.dart:84:14)
#6      Target.clearStamp (package:flutter_tools/src/build_system/build_system.dart:178:29)
#7      _BuildInstance._invokeInternal (package:flutter_tools/src/build_system/build_system.dart:918:19)
<asynchronous suspension>
#8      Future.wait.<anonymous closure> (dart:async/future.dart:520:21)
<asynchronous suspension>
#9      _BuildInstance.invokeTarget (package:flutter_tools/src/build_system/build_system.dart:829:32)
<asynchronous suspension>
#10     FlutterBuildSystem.buildIncremental (package:flutter_tools/src/build_system/build_system.dart:725:16)
<asynchronous suspension>
#11     ResidentRunner.runSourceGenerators (package:flutter_tools/src/resident_runner.dart:1231:18)
<asynchronous suspension>
#12     HotRunner.run (package:flutter_tools/src/run_hot.dart:394:7)
<asynchronous suspension>
#13     RunCommand.runCommand (package:flutter_tools/src/commands/run.dart:854:27)
<asynchronous suspension>
#14     FlutterCommand.run.<anonymous closure> (package:flutter_tools/src/runner/flutter_command.dart:1450:27)
<asynchronous suspension>
#15     AppContext.run.<anonymous closure> (package:flutter_tools/src/base/context.dart:153:19)
<asynchronous suspension>
#16     CommandRunner.runCommand (package:args/command_runner.dart:212:13)
<asynchronous suspension>
#17     FlutterCommandRunner.runCommand.<anonymous closure> (package:flutter_tools/src/runner/flutter_command_runner.dart:421:9)
<asynchronous suspension>
#18     AppContext.run.<anonymous closure> (package:flutter_tools/src/base/context.dart:153:19)
<asynchronous suspension>
#19     FlutterCommandRunner.runCommand (package:flutter_tools/src/runner/flutter_command_runner.dart:364:5)
<asynchronous suspension>
#20     run.<anonymous closure>.<anonymous closure> (package:flutter_tools/runner.dart:131:9)
<asynchronous suspension>
#21     AppContext.run.<anonymous closure> (package:flutter_tools/src/base/context.dart:153:19)
<asynchronous suspension>
#22     main (package:flutter_tools/executable.dart:94:3)
<asynchronous suspension>
```

## flutter doctor

```
[32m[✓][39m Flutter (Channel stable, 3.27.3, on macOS 15.2 24C101 darwin-arm64, locale en-US)
    [32m•[39m Flutter version 3.27.3 on channel stable at /Users/ouran/homebrew/Caskroom/flutter/3.27.3/flutter
    [32m•[39m Upstream repository https://github.com/flutter/flutter.git
    [32m•[39m Framework revision c519ee916e (10 days ago), 2025-01-21 10:32:23 -0800
    [32m•[39m Engine revision e672b006cb
    [32m•[39m Dart version 3.6.1
    [32m•[39m DevTools version 2.40.2

[32m[✓][39m Android toolchain - develop for Android devices (Android SDK version 35.0.1)
    [32m•[39m Android SDK at /Users/ouran/Library/Android/sdk
    [32m•[39m Platform android-35, build-tools 35.0.1
    [32m•[39m ANDROID_HOME = /Users/ouran/Library/Android/sdk
    [32m•[39m Java binary at: /Applications/Android Studio.app/Contents/jbr/Contents/Home/bin/java
    [32m•[39m Java version OpenJDK Runtime Environment (build 21.0.4+-12422083-b607.1)
    [32m•[39m All Android licenses accepted.

[33m[!][39m Xcode - develop for iOS and macOS (Xcode 16.2)
    [32m•[39m Xcode at /Applications/Xcode.app/Contents/Developer
    [32m•[39m Build 16C5032a
    [31m✗[39m Unable to get list of installed Simulator runtimes.
    [31m✗[39m CocoaPods not installed.
        CocoaPods is a package manager for iOS or macOS platform code.
        Without CocoaPods, plugins will not work on iOS or macOS.
        For more info, see https://flutter.dev/to/platform-plugins
      For installation instructions, see https://guides.cocoapods.org/using/getting-started.html#installation

[32m[✓][39m Chrome - develop for the web
    [32m•[39m Chrome at /Applications/Google Chrome.app/Contents/MacOS/Google Chrome

[32m[✓][39m Android Studio (version 2024.2)
    [32m•[39m Android Studio at /Applications/Android Studio.app/Contents
    [32m•[39m Flutter plugin can be installed from:
      🔨 https://plugins.jetbrains.com/plugin/9212-flutter
    [32m•[39m Dart plugin can be installed from:
      🔨 https://plugins.jetbrains.com/plugin/6351-dart
    [32m•[39m Java version OpenJDK Runtime Environment (build 21.0.4+-12422083-b607.1)

[32m[✓][39m IntelliJ IDEA Ultimate Edition (version 2024.3.2.2)
    [32m•[39m IntelliJ at /Applications/IntelliJ IDEA.app
    [32m•[39m Flutter plugin can be installed from:
      🔨 https://plugins.jetbrains.com/plugin/9212-flutter
    [32m•[39m Dart plugin can be installed from:
      🔨 https://plugins.jetbrains.com/plugin/6351-dart

[32m[✓][39m VS Code (version 1.95.3)
    [32m•[39m VS Code at /Applications/Visual Studio Code.app/Contents
    [32m•[39m Flutter extension can be installed from:
      🔨 https://marketplace.visualstudio.com/items?itemName=Dart-Code.flutter

[32m[✓][39m VS Code (version 1.52.1)
    [32m•[39m VS Code at /Users/ouran/Downloads/Downloads/Visual Studio Code.app/Contents
    [32m•[39m Flutter extension can be installed from:
      🔨 https://marketplace.visualstudio.com/items?itemName=Dart-Code.flutter

[32m[✓][39m Connected device (4 available)
    [32m•[39m SM S911U (mobile)               • RFCW417KGWL           • android-arm64  • Android 14 (API 34)
    [32m•[39m macOS (desktop)                 • macos                 • darwin-arm64   • macOS 15.2 24C101 darwin-arm64
    [32m•[39m Mac Designed for iPad (desktop) • mac-designed-for-ipad • darwin         • macOS 15.2 24C101 darwin-arm64
    [32m•[39m Chrome (web)                    • chrome                • web-javascript • Google Chrome 132.0.6834.160

[32m[✓][39m Network resources
    [32m•[39m All expected network resources are available.

[33m![39m Doctor found issues in 1 category.
```
